<?xml version="1.0" encoding="UTF-8"?>
<!-- Generated by org.testng.reporters.JUnitXMLReporter -->
<testsuite ignored="2" hostname="DESKTOP-G477JKH" failures="0" tests="1" name="Default test" time="9.889" errors="0" timestamp="2024-05-07T16:42:20 EEST">
  <testcase classname="testcases.SearchTest" name="verifySearchWithInvalidProduct" time="1.054"/>
  <testcase classname="testcases.SearchTest" name="verifySearchWithoutAnyProduct" time="0.0">
    <ignored/>
  </testcase> <!-- verifySearchWithoutAnyProduct -->
  <testcase classname="testcases.SearchTest" name="verifySearchWithValidProduct" time="0.0">
    <ignored/>
  </testcase> <!-- verifySearchWithValidProduct -->
</testsuite> <!-- Default test -->
