<?xml version="1.0" encoding="UTF-8"?>
<!-- Generated by org.testng.reporters.JUnitXMLReporter -->
<testsuite ignored="0" hostname="DESKTOP-G477JKH" failures="0" tests="14" name="Automation Suite Test Cases" time="127.281" errors="0" timestamp="2024-05-06T20:42:46 EEST">
  <testcase classname="testcases.Register" name="verifyRegisteringAnAccountWithMandatoryFields" time="2.763"/>
  <testcase classname="testcases.Register" name="verifyRegisteringAnAccountByProvidingAllFields" time="2.847"/>
  <testcase classname="testcases.Register" name="verifyRegisteringAnAccountWithExistingEmailAddress" time="2.38"/>
  <testcase classname="testcases.Register" name="verifyRegisteringAnAccountWitoutFillingAnyCredentials" time="1.131"/>
  <testcase classname="testcases.Login" name="verifyLoginWithValidCredentials" time="1.639"/>
  <testcase classname="testcases.Login" name="verifyLoginWithValidCredentials" time="1.567"/>
  <testcase classname="testcases.Login" name="verifyLoginWithValidCredentials" time="1.538"/>
  <testcase classname="testcases.Login" name="verifyLoginWithInvalidCredentials" time="1.394"/>
  <testcase classname="testcases.Login" name="verifyLoginWitnInvalidEmailAndValidPassword" time="1.516"/>
  <testcase classname="testcases.Login" name="verifyLoginWithValidEmailAddressAndInvalidPassword" time="1.216"/>
  <testcase classname="testcases.Login" name="verifyLoginWithoutProvidingAnyCredentials" time="0.858"/>
  <testcase classname="testcases.Search" name="verifySearchWithValidProduct" time="1.228"/>
  <testcase classname="testcases.Search" name="verifySearchWithInvalidProduct" time="1.082"/>
  <testcase classname="testcases.Search" name="verifySearchWithoutAnyProduct" time="0.727"/>
</testsuite> <!-- Automation Suite Test Cases -->
