<?xml version="1.0" encoding="UTF-8"?>
<testng-results ignored="2" total="3" passed="1" failed="0" skipped="0">
  <reporter-output>
  </reporter-output>
  <suite started-at="2024-05-07T16:42:10 EEST" name="Default suite" finished-at="2024-05-07T16:42:20 EEST" duration-ms="9889">
    <groups>
    </groups>
    <test started-at="2024-05-07T16:42:10 EEST" name="Default test" finished-at="2024-05-07T16:42:20 EEST" duration-ms="9889">
      <class name="testcases.SearchTest">
        <test-method is-config="true" signature="setup()[pri:0, instance:testcases.SearchTest@4550bb58]" started-at="2024-05-07T16:42:11 EEST" name="setup" finished-at="2024-05-07T16:42:19 EEST" duration-ms="8407" status="PASS">
          <reporter-output>
          </reporter-output>
        </test-method> <!-- setup -->
        <test-method signature="verifySearchWithInvalidProduct()[pri:2, instance:testcases.SearchTest@4550bb58]" started-at="2024-05-07T16:42:19 EEST" name="verifySearchWithInvalidProduct" finished-at="2024-05-07T16:42:20 EEST" duration-ms="1054" status="PASS">
          <reporter-output>
          </reporter-output>
        </test-method> <!-- verifySearchWithInvalidProduct -->
        <test-method is-config="true" signature="teardown()[pri:0, instance:testcases.SearchTest@4550bb58]" started-at="2024-05-07T16:42:20 EEST" name="teardown" finished-at="2024-05-07T16:42:20 EEST" duration-ms="327" status="PASS">
          <reporter-output>
          </reporter-output>
        </test-method> <!-- teardown -->
      </class> <!-- testcases.SearchTest -->
    </test> <!-- Default test -->
  </suite> <!-- Default suite -->
</testng-results>
